2024-05-14 10:52:36,640 [Worker-2: Loading available Gradle versions] INFO  o.e.b.c.i.u.g.PublishedGradleVersions - Gradle version information cache is up-to-date. Trying to read.
2024-05-14 10:52:55,494 [Worker-0: Importing Maven projects] INFO  o.e.m.c.i.l.LifecycleMappingFactory - Using NULL lifecycle mapping for MavenProject: com.happy.coding:SpringBoot-kafka:0.0.1-SNAPSHOT @ D:\KakaLearning1\SpringBoot-kafka\pom.xml.
2024-05-14 10:52:58,280 [Worker-0: Importing Maven projects] INFO  o.e.m.c.i.l.LifecycleMappingFactory - Using org.eclipse.m2e.jdt.JarLifecycleMapping lifecycle mapping for MavenProject: com.happy.coding:kafka-producer:0.0.1-SNAPSHOT @ D:\KakaLearning1\SpringBoot-kafka\kafka-producer\pom.xml.
2024-05-14 10:52:59,970 [Worker-0: Importing Maven projects] INFO  o.e.m.j.i.AbstractJavaProjectConfigurator - Adding source folder /kafka-producer/src/main/java
2024-05-14 10:52:59,973 [Worker-0: Importing Maven projects] INFO  o.e.m.j.i.AbstractJavaProjectConfigurator - Adding resource folder /kafka-producer/src/main/resources
2024-05-14 10:52:59,980 [Worker-0: Importing Maven projects] INFO  o.e.m.j.i.AbstractJavaProjectConfigurator - Adding resource folder /kafka-producer/src/main/resources
2024-05-14 10:52:59,986 [Worker-0: Importing Maven projects] INFO  o.e.m.j.i.AbstractJavaProjectConfigurator - Adding source folder /kafka-producer/src/test/java
2024-05-14 10:52:59,987 [Worker-0: Importing Maven projects] INFO  o.e.m.j.i.AbstractJavaProjectConfigurator - Adding resource folder /kafka-producer/src/test/resources
2024-05-14 10:53:01,126 [Worker-0: Importing Maven projects] INFO  o.e.m.c.i.p.ProjectConfigurationManager - Imported and configured 2 project(s) in 6 sec
2024-05-14 10:53:01,354 [Worker-0: Updating Maven Project] INFO  o.e.m.c.i.p.ProjectConfigurationManager - Update started
2024-05-14 10:53:02,124 [Worker-0: Updating Maven Project] INFO  o.e.m.c.i.l.LifecycleMappingFactory - Using NULL lifecycle mapping for MavenProject: com.happy.coding:SpringBoot-kafka:0.0.1-SNAPSHOT @ D:\KakaLearning1\SpringBoot-kafka\pom.xml.
2024-05-14 10:53:03,207 [Worker-0: Updating Maven Project] INFO  o.e.m.c.i.l.LifecycleMappingFactory - Using org.eclipse.m2e.jdt.JarLifecycleMapping lifecycle mapping for MavenProject: com.happy.coding:kafka-producer:0.0.1-SNAPSHOT @ D:\KakaLearning1\SpringBoot-kafka\kafka-producer\pom.xml.
2024-05-14 10:53:04,793 [Worker-0: Updating Maven Project] INFO  o.e.m.j.i.AbstractJavaProjectConfigurator - Adding source folder /kafka-producer/src/main/java
2024-05-14 10:53:04,794 [Worker-0: Updating Maven Project] INFO  o.e.m.j.i.AbstractJavaProjectConfigurator - Adding resource folder /kafka-producer/src/main/resources
2024-05-14 10:53:04,798 [Worker-0: Updating Maven Project] INFO  o.e.m.j.i.AbstractJavaProjectConfigurator - Adding resource folder /kafka-producer/src/main/resources
2024-05-14 10:53:04,798 [Worker-0: Updating Maven Project] INFO  o.e.m.j.i.AbstractJavaProjectConfigurator - Adding source folder /kafka-producer/src/test/java
2024-05-14 10:53:04,800 [Worker-0: Updating Maven Project] INFO  o.e.m.j.i.AbstractJavaProjectConfigurator - Adding resource folder /kafka-producer/src/test/resources
2024-05-14 10:53:05,984 [Worker-0: Updating Maven Project] INFO  o.e.m.c.i.p.ProjectConfigurationManager - Update completed for 2 poms: local refresh takes 0.00 sec, refresh facades takes 3.00 sec, update config takes 0.00 sec 
2024-05-14 10:53:07,025 [Worker-1: Building] INFO  o.a.m.s.f.DefaultMavenResourcesFiltering - Copying 1 resource from src\main\resources to target\classes
2024-05-14 10:53:07,075 [Worker-1: Building] INFO  o.a.m.s.f.DefaultMavenResourcesFiltering - Copying 0 resource from src\main\resources to target\classes
2024-05-14 10:53:07,082 [Worker-1: Building] INFO  o.a.m.s.f.DefaultMavenResourcesFiltering - skip non existing resourceDirectory D:\KakaLearning1\SpringBoot-kafka\kafka-producer\src\test\resources
2024-05-14 10:53:38,752 [Worker-3: Building] INFO  o.e.m.c.i.l.LifecycleMappingFactory - Using org.eclipse.m2e.jdt.JarLifecycleMapping lifecycle mapping for MavenProject: com.happy.coding:kafka-producer:0.0.1-SNAPSHOT @ D:\KakaLearning1\SpringBoot-kafka\kafka-producer\pom.xml.
2024-05-14 10:53:40,063 [Worker-3: Building] INFO  o.a.m.s.f.DefaultMavenResourcesFiltering - Copying 0 resource from src\main\resources to target\classes
2024-05-14 10:53:40,064 [Worker-3: Building] INFO  o.a.m.s.f.DefaultMavenResourcesFiltering - Copying 0 resource from src\main\resources to target\classes
2024-05-14 10:53:40,069 [Worker-3: Building] INFO  o.a.m.s.f.DefaultMavenResourcesFiltering - skip non existing resourceDirectory D:\KakaLearning1\SpringBoot-kafka\kafka-producer\src\test\resources
2024-05-14 10:53:41,555 [Worker-4: Building] INFO  o.a.m.s.f.DefaultMavenResourcesFiltering - Copying 1 resource from src\main\resources to target\classes
2024-05-14 10:53:41,573 [Worker-4: Building] INFO  o.a.m.s.f.DefaultMavenResourcesFiltering - Copying 0 resource from src\main\resources to target\classes
2024-05-14 10:53:41,577 [Worker-4: Building] INFO  o.a.m.s.f.DefaultMavenResourcesFiltering - skip non existing resourceDirectory D:\KakaLearning1\SpringBoot-kafka\kafka-producer\src\test\resources
2024-05-14 10:53:53,368 [Worker-2: Building Workspace] INFO  o.a.m.s.f.DefaultMavenResourcesFiltering - Copying 1 resource from src\main\resources to target\classes
2024-05-14 10:53:53,370 [Worker-2: Building Workspace] INFO  o.a.m.s.f.DefaultMavenResourcesFiltering - Copying 0 resource from src\main\resources to target\classes
2024-05-14 10:53:53,374 [Worker-2: Building Workspace] INFO  o.a.m.s.f.DefaultMavenResourcesFiltering - skip non existing resourceDirectory D:\KakaLearning1\SpringBoot-kafka\kafka-producer\src\test\resources
2024-05-14 10:54:32,983 [Worker-4: Updating Maven Project] INFO  o.e.m.c.i.p.ProjectConfigurationManager - Update started
2024-05-14 10:54:33,599 [Worker-4: Updating Maven Project] INFO  o.e.m.c.i.l.LifecycleMappingFactory - Using org.eclipse.m2e.jdt.JarLifecycleMapping lifecycle mapping for MavenProject: com.happy.coding:kafka-producer:0.0.1-SNAPSHOT @ D:\KakaLearning1\SpringBoot-kafka\kafka-producer\pom.xml.
2024-05-14 10:54:34,835 [Worker-4: Updating Maven Project] INFO  o.e.m.j.i.AbstractJavaProjectConfigurator - Adding source folder /kafka-producer/src/main/java
2024-05-14 10:54:34,836 [Worker-4: Updating Maven Project] INFO  o.e.m.j.i.AbstractJavaProjectConfigurator - Adding resource folder /kafka-producer/src/main/resources
2024-05-14 10:54:34,837 [Worker-4: Updating Maven Project] INFO  o.e.m.j.i.AbstractJavaProjectConfigurator - Adding resource folder /kafka-producer/src/main/resources
2024-05-14 10:54:34,838 [Worker-4: Updating Maven Project] INFO  o.e.m.j.i.AbstractJavaProjectConfigurator - Adding source folder /kafka-producer/src/test/java
2024-05-14 10:54:34,839 [Worker-4: Updating Maven Project] INFO  o.e.m.j.i.AbstractJavaProjectConfigurator - Adding resource folder /kafka-producer/src/test/resources
2024-05-14 10:54:35,579 [Worker-4: Updating Maven Project] INFO  o.e.m.c.i.p.ProjectConfigurationManager - Update completed for 1 poms: local refresh takes 0.00 sec, refresh facades takes 1.00 sec, update config takes 0.00 sec 
2024-05-14 10:54:56,556 [Worker-7: Updating Maven Project] INFO  o.e.m.c.i.p.ProjectConfigurationManager - Update started
2024-05-14 10:54:57,017 [Worker-7: Updating Maven Project] INFO  o.e.m.c.i.l.LifecycleMappingFactory - Using NULL lifecycle mapping for MavenProject: com.happy.coding:SpringBoot-kafka:0.0.1-SNAPSHOT @ D:\KakaLearning1\SpringBoot-kafka\pom.xml.
2024-05-14 10:54:57,770 [Worker-7: Updating Maven Project] INFO  o.e.m.c.i.l.LifecycleMappingFactory - Using org.eclipse.m2e.jdt.JarLifecycleMapping lifecycle mapping for MavenProject: com.happy.coding:kafka-producer:0.0.1-SNAPSHOT @ D:\KakaLearning1\SpringBoot-kafka\kafka-producer\pom.xml.
2024-05-14 10:54:58,682 [Worker-7: Updating Maven Project] INFO  o.e.m.j.i.AbstractJavaProjectConfigurator - Adding source folder /kafka-producer/src/main/java
2024-05-14 10:54:58,682 [Worker-7: Updating Maven Project] INFO  o.e.m.j.i.AbstractJavaProjectConfigurator - Adding resource folder /kafka-producer/src/main/resources
2024-05-14 10:54:58,683 [Worker-7: Updating Maven Project] INFO  o.e.m.j.i.AbstractJavaProjectConfigurator - Adding resource folder /kafka-producer/src/main/resources
2024-05-14 10:54:58,684 [Worker-7: Updating Maven Project] INFO  o.e.m.j.i.AbstractJavaProjectConfigurator - Adding source folder /kafka-producer/src/test/java
2024-05-14 10:54:58,685 [Worker-7: Updating Maven Project] INFO  o.e.m.j.i.AbstractJavaProjectConfigurator - Adding resource folder /kafka-producer/src/test/resources
2024-05-14 10:54:59,339 [Worker-7: Updating Maven Project] INFO  o.e.m.c.i.p.ProjectConfigurationManager - Update completed for 2 poms: local refresh takes 0.00 sec, refresh facades takes 2.00 sec, update config takes 0.00 sec 
2024-05-14 10:55:14,168 [Worker-1: Launching kafka-producer - kafkaProducerApplication] INFO  o.a.m.s.f.DefaultMavenResourcesFiltering - Copying 1 resource from src\main\resources to target\classes
2024-05-14 10:55:14,190 [Worker-1: Launching kafka-producer - kafkaProducerApplication] INFO  o.a.m.s.f.DefaultMavenResourcesFiltering - Copying 0 resource from src\main\resources to target\classes
2024-05-14 10:55:14,196 [Worker-1: Launching kafka-producer - kafkaProducerApplication] INFO  o.a.m.s.f.DefaultMavenResourcesFiltering - skip non existing resourceDirectory D:\KakaLearning1\SpringBoot-kafka\kafka-producer\src\test\resources
